[2019-05-02 12:58:02] debug.ERROR: Call to a member function beginTransaction() on null {"exception":"[object] (Symfony\\Component\\Debug\\Exception\\FatalThrowableError(code: 0): Call to a member function beginTransaction() on null at /var/www/html/htdocs/backend/vendor/laravel/framework/src/Illuminate/Database/Concerns/ManagesTransactions.php:109)
[stacktrace]
#0 /var/www/html/htdocs/backend/vendor/laravel/framework/src/Illuminate/Database/Concerns/ManagesTransactions.php(93): Illuminate\\Database\\Connection->createTransaction()
#1 /var/www/html/htdocs/backend/vendor/laravel/framework/src/Illuminate/Database/Concerns/ManagesTransactions.php(23): Illuminate\\Database\\Connection->beginTransaction()
#2 /var/www/html/htdocs/backend/vendor/laravel/framework/src/Illuminate/Queue/DatabaseQueue.php(204): Illuminate\\Database\\Connection->transaction(Object(Closure))
#3 /var/www/html/htdocs/backend/vendor/laravel/framework/src/Illuminate/Queue/Worker.php(247): Illuminate\\Queue\\DatabaseQueue->pop('default')
#4 /var/www/html/htdocs/backend/vendor/laravel/framework/src/Illuminate/Queue/Worker.php(107): Illuminate\\Queue\\Worker->getNextJob(Object(Illuminate\\Queue\\DatabaseQueue), 'default')
#5 /var/www/html/htdocs/backend/vendor/laravel/framework/src/Illuminate/Queue/Console/WorkCommand.php(102): Illuminate\\Queue\\Worker->daemon('database', 'default', Object(Illuminate\\Queue\\WorkerOptions))
#6 /var/www/html/htdocs/backend/vendor/laravel/framework/src/Illuminate/Queue/Console/WorkCommand.php(86): Illuminate\\Queue\\Console\\WorkCommand->runWorker('database', 'default')
#7 [internal function]: Illuminate\\Queue\\Console\\WorkCommand->handle()
#8 /var/www/html/htdocs/backend/vendor/laravel/framework/src/Illuminate/Container/BoundMethod.php(29): call_user_func_array(Array, Array)
#9 /var/www/html/htdocs/backend/vendor/laravel/framework/src/Illuminate/Container/BoundMethod.php(87): Illuminate\\Container\\BoundMethod::Illuminate\\Container\\{closure}()
#10 /var/www/html/htdocs/backend/vendor/laravel/framework/src/Illuminate/Container/BoundMethod.php(31): Illuminate\\Container\\BoundMethod::callBoundMethod(Object(Illuminate\\Foundation\\Application), Array, Object(Closure))
#11 /var/www/html/htdocs/backend/vendor/laravel/framework/src/Illuminate/Container/Container.php(572): Illuminate\\Container\\BoundMethod::call(Object(Illuminate\\Foundation\\Application), Array, Array, NULL)
#12 /var/www/html/htdocs/backend/vendor/laravel/framework/src/Illuminate/Console/Command.php(183): Illuminate\\Container\\Container->call(Array)
#13 /var/www/html/htdocs/backend/vendor/symfony/console/Command/Command.php(255): Illuminate\\Console\\Command->execute(Object(Symfony\\Component\\Console\\Input\\ArgvInput), Object(Illuminate\\Console\\OutputStyle))
#14 /var/www/html/htdocs/backend/vendor/laravel/framework/src/Illuminate/Console/Command.php(170): Symfony\\Component\\Console\\Command\\Command->run(Object(Symfony\\Component\\Console\\Input\\ArgvInput), Object(Illuminate\\Console\\OutputStyle))
#15 /var/www/html/htdocs/backend/vendor/symfony/console/Application.php(908): Illuminate\\Console\\Command->run(Object(Symfony\\Component\\Console\\Input\\ArgvInput), Object(Symfony\\Component\\Console\\Output\\ConsoleOutput))
#16 /var/www/html/htdocs/backend/vendor/symfony/console/Application.php(269): Symfony\\Component\\Console\\Application->doRunCommand(Object(Illuminate\\Queue\\Console\\WorkCommand), Object(Symfony\\Component\\Console\\Input\\ArgvInput), Object(Symfony\\Component\\Console\\Output\\ConsoleOutput))
#17 /var/www/html/htdocs/backend/vendor/symfony/console/Application.php(145): Symfony\\Component\\Console\\Application->doRun(Object(Symfony\\Component\\Console\\Input\\ArgvInput), Object(Symfony\\Component\\Console\\Output\\ConsoleOutput))
#18 /var/www/html/htdocs/backend/vendor/laravel/framework/src/Illuminate/Console/Application.php(89): Symfony\\Component\\Console\\Application->run(Object(Symfony\\Component\\Console\\Input\\ArgvInput), Object(Symfony\\Component\\Console\\Output\\ConsoleOutput))
#19 /var/www/html/htdocs/backend/vendor/laravel/framework/src/Illuminate/Foundation/Console/Kernel.php(122): Illuminate\\Console\\Application->run(Object(Symfony\\Component\\Console\\Input\\ArgvInput), Object(Symfony\\Component\\Console\\Output\\ConsoleOutput))
#20 /var/www/html/htdocs/backend/artisan(37): Illuminate\\Foundation\\Console\\Kernel->handle(Object(Symfony\\Component\\Console\\Input\\ArgvInput), Object(Symfony\\Component\\Console\\Output\\ConsoleOutput))
#21 {main}
"} 
[2019-05-02 13:06:49] debug.ERROR: Call to a member function beginTransaction() on null {"exception":"[object] (Symfony\\Component\\Debug\\Exception\\FatalThrowableError(code: 0): Call to a member function beginTransaction() on null at /var/www/html/htdocs/backend/vendor/laravel/framework/src/Illuminate/Database/Concerns/ManagesTransactions.php:109)
[stacktrace]
#0 /var/www/html/htdocs/backend/vendor/laravel/framework/src/Illuminate/Database/Concerns/ManagesTransactions.php(93): Illuminate\\Database\\Connection->createTransaction()
#1 /var/www/html/htdocs/backend/vendor/laravel/framework/src/Illuminate/Database/Concerns/ManagesTransactions.php(23): Illuminate\\Database\\Connection->beginTransaction()
#2 /var/www/html/htdocs/backend/vendor/laravel/framework/src/Illuminate/Queue/DatabaseQueue.php(204): Illuminate\\Database\\Connection->transaction(Object(Closure))
#3 /var/www/html/htdocs/backend/vendor/laravel/framework/src/Illuminate/Queue/Worker.php(247): Illuminate\\Queue\\DatabaseQueue->pop('default')
#4 /var/www/html/htdocs/backend/vendor/laravel/framework/src/Illuminate/Queue/Worker.php(107): Illuminate\\Queue\\Worker->getNextJob(Object(Illuminate\\Queue\\DatabaseQueue), 'default')
#5 /var/www/html/htdocs/backend/vendor/laravel/framework/src/Illuminate/Queue/Console/WorkCommand.php(102): Illuminate\\Queue\\Worker->daemon('database', 'default', Object(Illuminate\\Queue\\WorkerOptions))
#6 /var/www/html/htdocs/backend/vendor/laravel/framework/src/Illuminate/Queue/Console/WorkCommand.php(86): Illuminate\\Queue\\Console\\WorkCommand->runWorker('database', 'default')
#7 [internal function]: Illuminate\\Queue\\Console\\WorkCommand->handle()
#8 /var/www/html/htdocs/backend/vendor/laravel/framework/src/Illuminate/Container/BoundMethod.php(29): call_user_func_array(Array, Array)
#9 /var/www/html/htdocs/backend/vendor/laravel/framework/src/Illuminate/Container/BoundMethod.php(87): Illuminate\\Container\\BoundMethod::Illuminate\\Container\\{closure}()
#10 /var/www/html/htdocs/backend/vendor/laravel/framework/src/Illuminate/Container/BoundMethod.php(31): Illuminate\\Container\\BoundMethod::callBoundMethod(Object(Illuminate\\Foundation\\Application), Array, Object(Closure))
#11 /var/www/html/htdocs/backend/vendor/laravel/framework/src/Illuminate/Container/Container.php(572): Illuminate\\Container\\BoundMethod::call(Object(Illuminate\\Foundation\\Application), Array, Array, NULL)
#12 /var/www/html/htdocs/backend/vendor/laravel/framework/src/Illuminate/Console/Command.php(183): Illuminate\\Container\\Container->call(Array)
#13 /var/www/html/htdocs/backend/vendor/symfony/console/Command/Command.php(255): Illuminate\\Console\\Command->execute(Object(Symfony\\Component\\Console\\Input\\ArgvInput), Object(Illuminate\\Console\\OutputStyle))
#14 /var/www/html/htdocs/backend/vendor/laravel/framework/src/Illuminate/Console/Command.php(170): Symfony\\Component\\Console\\Command\\Command->run(Object(Symfony\\Component\\Console\\Input\\ArgvInput), Object(Illuminate\\Console\\OutputStyle))
#15 /var/www/html/htdocs/backend/vendor/symfony/console/Application.php(908): Illuminate\\Console\\Command->run(Object(Symfony\\Component\\Console\\Input\\ArgvInput), Object(Symfony\\Component\\Console\\Output\\ConsoleOutput))
#16 /var/www/html/htdocs/backend/vendor/symfony/console/Application.php(269): Symfony\\Component\\Console\\Application->doRunCommand(Object(Illuminate\\Queue\\Console\\WorkCommand), Object(Symfony\\Component\\Console\\Input\\ArgvInput), Object(Symfony\\Component\\Console\\Output\\ConsoleOutput))
#17 /var/www/html/htdocs/backend/vendor/symfony/console/Application.php(145): Symfony\\Component\\Console\\Application->doRun(Object(Symfony\\Component\\Console\\Input\\ArgvInput), Object(Symfony\\Component\\Console\\Output\\ConsoleOutput))
#18 /var/www/html/htdocs/backend/vendor/laravel/framework/src/Illuminate/Console/Application.php(89): Symfony\\Component\\Console\\Application->run(Object(Symfony\\Component\\Console\\Input\\ArgvInput), Object(Symfony\\Component\\Console\\Output\\ConsoleOutput))
#19 /var/www/html/htdocs/backend/vendor/laravel/framework/src/Illuminate/Foundation/Console/Kernel.php(122): Illuminate\\Console\\Application->run(Object(Symfony\\Component\\Console\\Input\\ArgvInput), Object(Symfony\\Component\\Console\\Output\\ConsoleOutput))
#20 /var/www/html/htdocs/backend/artisan(37): Illuminate\\Foundation\\Console\\Kernel->handle(Object(Symfony\\Component\\Console\\Input\\ArgvInput), Object(Symfony\\Component\\Console\\Output\\ConsoleOutput))
#21 {main}
"} 
[2019-05-02 13:40:07] debug.ERROR: Maximum execution time of 60 seconds exceeded {"userId":"5bf69721f3e380525b6f1062","email":"ishaan.jain@valedra.com","exception":"[object] (Symfony\\Component\\Debug\\Exception\\FatalErrorException(code: 1): Maximum execution time of 60 seconds exceeded at /var/www/html/htdocs/backend/vendor/phpoffice/phpexcel/Classes/PHPExcel/Worksheet.php:1190)
[stacktrace]
#0 {main}
"} 
[2019-05-02 13:41:30] debug.ERROR: Maximum execution time of 60 seconds exceeded {"userId":"5bf69721f3e380525b6f1062","email":"ishaan.jain@valedra.com","exception":"[object] (Symfony\\Component\\Debug\\Exception\\FatalErrorException(code: 1): Maximum execution time of 60 seconds exceeded at /var/www/html/htdocs/backend/vendor/phpoffice/phpexcel/Classes/PHPExcel/CachedObjectStorage/Memory.php:47)
[stacktrace]
#0 {main}
"} 
